Configuring attoparsec-binary-0.2...
clang: warning: argument unused during compilation: '-nopie' [-Wunused-command-line-argument]
Preprocessing library for attoparsec-binary-0.2..
Building library for attoparsec-binary-0.2..
[1 of 1] Compiling Data.Attoparsec.Binary ( Data/Attoparsec/Binary.hs, .stack-work/dist/x86_64-osx/Cabal-2.2.0.1/build/Data/Attoparsec/Binary.o )

[;1mData/Attoparsec/Binary.hs:18:1: [;1m[35mwarning:[0m[0m[;1m [[;1m[35m-Wdeprecations[0m[0m[;1m][0m[0m[;1m
    Module ‘Data.Attoparsec’ is deprecated:
      This module will be removed in the next major release.[0m[0m
[;1m[34m   |[0m[0m
[;1m[34m18 |[0m[0m [;1m[35mimport Data.Attoparsec[0m[0m
[;1m[34m   |[0m[0m[;1m[35m ^^^^^^^^^^^^^^^^^^^^^^[0m[0m
[0m[0m[0m
[;1mData/Attoparsec/Binary.hs:24:24: [;1m[35mwarning:[0m[0m[;1m [[;1m[35m-Wdeprecations[0m[0m[;1m][0m[0m[;1m
    In the use of ‘bitSize’ (imported from Data.Bits):
    Deprecated: "Use 'bitSizeMaybe' or 'finiteBitSize' instead"[0m[0m
[;1m[34m   |[0m[0m
[;1m[34m24 |[0m[0m byteSize = (`div` 8) . [;1m[35mbitSize[0m[0m
[;1m[34m   |[0m[0m[;1m[35m                        ^^^^^^^[0m[0m
[0m[0m[0mInstalling library in /Users/brett/.stack/snapshots/x86_64-osx/lts-12.19/8.4.4/lib/x86_64-osx-ghc-8.4.4/attoparsec-binary-0.2-GBL6YipRei2L9m7CWi11NJ
Registering library for attoparsec-binary-0.2..
