Configuring cubicbezier-0.6.0.5...
clang: warning: argument unused during compilation: '-nopie' [-Wunused-command-line-argument]
Preprocessing library for cubicbezier-0.6.0.5..
Building library for cubicbezier-0.6.0.5..
[ 1 of 12] Compiling Geom2D           ( Geom2D.hs, .stack-work/dist/x86_64-osx/Cabal-2.2.0.1/build/Geom2D.o )

[;1mGeom2D.hs:14:1: [;1m[35mwarning:[0m[0m[;1m [[;1m[35m-Wunused-imports[0m[0m[;1m][0m[0m[;1m
    The import of ‘Numeric.FastMath’ is redundant
      except perhaps to import instances from ‘Numeric.FastMath’
    To import instances alone, use: import Numeric.FastMath()[0m[0m
[;1m[34m   |[0m[0m
[;1m[34m14 |[0m[0m [;1m[35mimport Numeric.FastMath[0m[0m
[;1m[34m   |[0m[0m[;1m[35m ^^^^^^^^^^^^^^^^^^^^^^^[0m[0m
[0m[0m[0m[ 2 of 12] Compiling Geom2D.CubicBezier.Numeric ( Geom2D/CubicBezier/Numeric.hs, .stack-work/dist/x86_64-osx/Cabal-2.2.0.1/build/Geom2D/CubicBezier/Numeric.o )

[;1mGeom2D/CubicBezier/Numeric.hs:334:34: [;1m[35mwarning:[0m[0m[;1m [[;1m[35m-Wname-shadowing[0m[0m[;1m][0m[0m[;1m
    This binding for ‘rows’ shadows the existing binding
      imported from ‘Data.Matrix.Unboxed’ at Geom2D/CubicBezier/Numeric.hs:15:1-31
      (and originally defined in ‘Data.Matrix.Generic’)[0m[0m
[;1m[34m    |[0m[0m
[;1m[34m334 |[0m[0m solveTriDiagonal (!b0, !c0, !d0) [;1m[35mrows[0m[0m = solutions
[;1m[34m    |[0m[0m[;1m[35m                                  ^^^^[0m[0m
[0m[0m[0m
[;1mGeom2D/CubicBezier/Numeric.hs:346:17: [;1m[35mwarning:[0m[0m[;1m [[;1m[35m-Wname-shadowing[0m[0m[;1m][0m[0m[;1m
    This binding for ‘rows’ shadows the existing binding
      imported from ‘Data.Matrix.Unboxed’ at Geom2D/CubicBezier/Numeric.hs:15:1-31
      (and originally defined in ‘Data.Matrix.Generic’)[0m[0m
[;1m[34m    |[0m[0m
[;1m[34m346 |[0m[0m solveCyclicTriD [;1m[35mrows[0m[0m = solutions
[;1m[34m    |[0m[0m[;1m[35m                 ^^^^[0m[0m
[0m[0m[0m[ 3 of 12] Compiling Math.BernsteinPoly ( Math/BernsteinPoly.hs, .stack-work/dist/x86_64-osx/Cabal-2.2.0.1/build/Math/BernsteinPoly.o )
[ 4 of 12] Compiling Geom2D.CubicBezier.Basic ( Geom2D/CubicBezier/Basic.hs, .stack-work/dist/x86_64-osx/Cabal-2.2.0.1/build/Geom2D/CubicBezier/Basic.o )

[;1mGeom2D/CubicBezier/Basic.hs:22:1: [;1m[35mwarning:[0m[0m[;1m [[;1m[35m-Wunused-imports[0m[0m[;1m][0m[0m[;1m
    The import of ‘Data.List’ is redundant
      except perhaps to import instances from ‘Data.List’
    To import instances alone, use: import Data.List()[0m[0m
[;1m[34m   |[0m[0m
[;1m[34m22 |[0m[0m [;1m[35mimport Data.List (minimumBy)[0m[0m
[;1m[34m   |[0m[0m[;1m[35m ^^^^^^^^^^^^^^^^^^^^^^^^^^^^[0m[0m
[0m[0m[0m
[;1mGeom2D/CubicBezier/Basic.hs:23:1: [;1m[35mwarning:[0m[0m[;1m [[;1m[35m-Wunused-imports[0m[0m[;1m][0m[0m[;1m
    The import of ‘Data.Function’ is redundant
      except perhaps to import instances from ‘Data.Function’
    To import instances alone, use: import Data.Function()[0m[0m
[;1m[34m   |[0m[0m
[;1m[34m23 |[0m[0m [;1m[35mimport Data.Function (on)[0m[0m
[;1m[34m   |[0m[0m[;1m[35m ^^^^^^^^^^^^^^^^^^^^^^^^^[0m[0m
[0m[0m[0m
[;1mGeom2D/CubicBezier/Basic.hs:24:1: [;1m[35mwarning:[0m[0m[;1m [[;1m[35m-Wunused-imports[0m[0m[;1m][0m[0m[;1m
    The import of ‘Data.VectorSpace’ is redundant
      except perhaps to import instances from ‘Data.VectorSpace’
    To import instances alone, use: import Data.VectorSpace()[0m[0m
[;1m[34m   |[0m[0m
[;1m[34m24 |[0m[0m [;1m[35mimport Data.VectorSpace[0m[0m
[;1m[34m   |[0m[0m[;1m[35m ^^^^^^^^^^^^^^^^^^^^^^^[0m[0m
[0m[0m[0m
[;1mGeom2D/CubicBezier/Basic.hs:25:1: [;1m[35mwarning:[0m[0m[;1m [[;1m[35m-Wunused-imports[0m[0m[;1m][0m[0m[;1m
    The import of ‘Debug.Trace’ is redundant
      except perhaps to import instances from ‘Debug.Trace’
    To import instances alone, use: import Debug.Trace()[0m[0m
[;1m[34m   |[0m[0m
[;1m[34m25 |[0m[0m [;1m[35mimport Debug.Trace[0m[0m
[;1m[34m   |[0m[0m[;1m[35m ^^^^^^^^^^^^^^^^^^[0m[0m
[0m[0m[0m
[;1mGeom2D/CubicBezier/Basic.hs:184:27: [;1m[35mwarning:[0m[0m[;1m [[;1m[35m-Wunused-matches[0m[0m[;1m][0m[0m[;1m
    Defined but not used: ‘p’[0m[0m
[;1m[34m    |[0m[0m
[;1m[34m184 |[0m[0m closeOpenPath (OpenPath j [;1m[35mp[0m[0m) = ClosedPath j
[;1m[34m    |[0m[0m[;1m[35m                           ^[0m[0m
[0m[0m[0m[ 5 of 12] Compiling Geom2D.CubicBezier.MetaPath ( Geom2D/CubicBezier/MetaPath.hs, .stack-work/dist/x86_64-osx/Cabal-2.2.0.1/build/Geom2D/CubicBezier/MetaPath.o )
[ 6 of 12] Compiling Geom2D.CubicBezier.Intersection ( Geom2D/CubicBezier/Intersection.hs, .stack-work/dist/x86_64-osx/Cabal-2.2.0.1/build/Geom2D/CubicBezier/Intersection.o )

[;1mGeom2D/CubicBezier/Intersection.hs:214:38: [;1m[35mwarning:[0m[0m[;1m [[;1m[35m-Wunused-matches[0m[0m[;1m][0m[0m[;1m
    Defined but not used: ‘eps’[0m[0m
[;1m[34m    |[0m[0m
[;1m[34m214 |[0m[0m bezierLineIntersections b (Line p q) [;1m[35meps[0m[0m =
[;1m[34m    |[0m[0m[;1m[35m                                      ^^^[0m[0m
[0m[0m[0m[ 7 of 12] Compiling Geom2D.CubicBezier.Overlap ( Geom2D/CubicBezier/Overlap.lhs, .stack-work/dist/x86_64-osx/Cabal-2.2.0.1/build/Geom2D/CubicBezier/Overlap.o )

[;1mGeom2D/CubicBezier/Overlap.lhs:45:3: [;1m[35mwarning:[0m[0m[;1m [[;1m[35m-Wunused-imports[0m[0m[;1m][0m[0m[;1m
    The import of ‘Geom2D.CubicBezier.Numeric’ is redundant
      except perhaps to import instances from ‘Geom2D.CubicBezier.Numeric’
    To import instances alone, use: import Geom2D.CubicBezier.Numeric()[0m[0m
[;1m[34m   |[0m[0m
[;1m[34m45 |[0m[0m > [;1m[35mimport Geom2D.CubicBezier.Numeric[0m[0m
[;1m[34m   |[0m[0m[;1m[35m   ^^^^^^^^^^^^^^^^^^^^^^^^^^^^^^^^^[0m[0m
[0m[0m[0m
[;1mGeom2D/CubicBezier/Overlap.lhs:46:3: [;1m[35mwarning:[0m[0m[;1m [[;1m[35m-Wunused-imports[0m[0m[;1m][0m[0m[;1m
    The import of ‘Math.BernsteinPoly’ is redundant
      except perhaps to import instances from ‘Math.BernsteinPoly’
    To import instances alone, use: import Math.BernsteinPoly()[0m[0m
[;1m[34m   |[0m[0m
[;1m[34m46 |[0m[0m > [;1m[35mimport Math.BernsteinPoly[0m[0m
[;1m[34m   |[0m[0m[;1m[35m   ^^^^^^^^^^^^^^^^^^^^^^^^^[0m[0m
[0m[0m[0m
[;1mGeom2D/CubicBezier/Overlap.lhs:49:3: [;1m[35mwarning:[0m[0m[;1m [[;1m[35m-Wunused-imports[0m[0m[;1m][0m[0m[;1m
    The import of ‘intercalate’ from module ‘Data.List’ is redundant[0m[0m
[;1m[34m   |[0m[0m
[;1m[34m49 |[0m[0m > [;1m[35mimport Data.List (sortBy, sort, intercalate, intersperse)[0m[0m
[;1m[34m   |[0m[0m[;1m[35m   ^^^^^^^^^^^^^^^^^^^^^^^^^^^^^^^^^^^^^^^^^^^^^^^^^^^^^^^^^[0m[0m
[0m[0m[0m
[;1mGeom2D/CubicBezier/Overlap.lhs:59:3: [;1m[35mwarning:[0m[0m[;1m [[;1m[35m-Wunused-imports[0m[0m[;1m][0m[0m[;1m
    The import of ‘Data.IORef’ is redundant
      except perhaps to import instances from ‘Data.IORef’
    To import instances alone, use: import Data.IORef()[0m[0m
[;1m[34m   |[0m[0m
[;1m[34m59 |[0m[0m > [;1m[35mimport Data.IORef[0m[0m
[;1m[34m   |[0m[0m[;1m[35m   ^^^^^^^^^^^^^^^^^[0m[0m
[0m[0m[0m
[;1mGeom2D/CubicBezier/Overlap.lhs:60:3: [;1m[35mwarning:[0m[0m[;1m [[;1m[35m-Wunused-imports[0m[0m[;1m][0m[0m[;1m
    The import of ‘isJust’ from module ‘Data.Maybe’ is redundant[0m[0m
[;1m[34m   |[0m[0m
[;1m[34m60 |[0m[0m > [;1m[35mimport Data.Maybe (isJust, isNothing, mapMaybe)[0m[0m
[;1m[34m   |[0m[0m[;1m[35m   ^^^^^^^^^^^^^^^^^^^^^^^^^^^^^^^^^^^^^^^^^^^^^^^[0m[0m
[0m[0m[0m
[;1mGeom2D/CubicBezier/Overlap.lhs:189:3: [;1m[35mwarning:[0m[0m[;1m [[;1m[35m-Wmissing-signatures[0m[0m[;1m][0m[0m[;1m
    Top-level binding with no type signature:
      showCurve :: CubicBezier Double -> [Char][0m[0m
[;1m[34m    |[0m[0m
[;1m[34m189 |[0m[0m > [;1m[35mshowCurve[0m[0m (CubicBezier p0 p1 p2 p3) =
[;1m[34m    |[0m[0m[;1m[35m   ^^^^^^^^^[0m[0m
[0m[0m[0m
[;1mGeom2D/CubicBezier/Overlap.lhs:212:3: [;1m[35mwarning:[0m[0m[;1m [[;1m[35m-Wmissing-signatures[0m[0m[;1m][0m[0m[;1m
    Top-level binding with no type signature:
      assertTrace :: p1 -> p2 -> p3 -> p3[0m[0m
[;1m[34m    |[0m[0m
[;1m[34m212 |[0m[0m > [;1m[35massertTrace[0m[0m _ _ e  = e
[;1m[34m    |[0m[0m[;1m[35m   ^^^^^^^^^^^[0m[0m
[0m[0m[0m
[;1mGeom2D/CubicBezier/Overlap.lhs:214:3: [;1m[35mwarning:[0m[0m[;1m [[;1m[35m-Wmissing-signatures[0m[0m[;1m][0m[0m[;1m
    Top-level binding with no type signature:
      traceMessage :: Monad m => p -> m ()[0m[0m
[;1m[34m    |[0m[0m
[;1m[34m214 |[0m[0m > [;1m[35mtraceMessage[0m[0m _ = return ()
[;1m[34m    |[0m[0m[;1m[35m   ^^^^^^^^^^^^[0m[0m
[0m[0m[0m
[;1mGeom2D/CubicBezier/Overlap.lhs:300:5: [;1m[35mwarning:[0m[0m[;1m [[;1m[35m-Wunused-do-bind[0m[0m[;1m][0m[0m[;1m
    A do-notation statement discarded a result of type ‘XStruct’
    Suppress this warning by saying ‘_ <- return str’[0m[0m
[;1m[34m    |[0m[0m
[;1m[34m300 |[0m[0m >   [;1m[35mreturn str[0m[0m
[;1m[34m    |[0m[0m[;1m[35m     ^^^^^^^^^^[0m[0m
[0m[0m[0m
[;1mGeom2D/CubicBezier/Overlap.lhs:304:5: [;1m[35mwarning:[0m[0m[;1m [[;1m[35m-Wname-shadowing[0m[0m[;1m][0m[0m[;1m
    This binding for ‘str’ shadows the existing binding
      bound at Geom2D/CubicBezier/Overlap.lhs:299:5[0m[0m
[;1m[34m    |[0m[0m
[;1m[34m304 |[0m[0m >   [;1m[35mstr[0m[0m <- use xStruct
[;1m[34m    |[0m[0m[;1m[35m     ^^^[0m[0m
[0m[0m[0m
[;1mGeom2D/CubicBezier/Overlap.lhs:305:5: [;1m[35mwarning:[0m[0m[;1m [[;1m[35m-Wunused-do-bind[0m[0m[;1m][0m[0m[;1m
    A do-notation statement discarded a result of type ‘XStruct’
    Suppress this warning by saying ‘_ <- return str’[0m[0m
[;1m[34m    |[0m[0m
[;1m[34m305 |[0m[0m >   [;1m[35mreturn str[0m[0m
[;1m[34m    |[0m[0m[;1m[35m     ^^^^^^^^^^[0m[0m
[0m[0m[0m
[;1mGeom2D/CubicBezier/Overlap.lhs:356:3: [;1m[35mwarning:[0m[0m[;1m [[;1m[35m-Wunused-top-binds[0m[0m[;1m][0m[0m[;1m
    Defined but not used: ‘yStructOverlap’[0m[0m
[;1m[34m    |[0m[0m
[;1m[34m356 |[0m[0m > [;1m[35myStructOverlap[0m[0m c str =
[;1m[34m    |[0m[0m[;1m[35m   ^^^^^^^^^^^^^^[0m[0m
[0m[0m[0m
[;1mGeom2D/CubicBezier/Overlap.lhs:358:11: [;1m[35mwarning:[0m[0m[;1m [[;1m[35m-Wname-shadowing[0m[0m[;1m][0m[0m[;1m
    This binding for ‘checkOverlap’ shadows the existing binding
      defined at Geom2D/CubicBezier/Overlap.lhs:879:3[0m[0m
[;1m[34m    |[0m[0m
[;1m[34m358 |[0m[0m >   where [;1m[35mcheckOverlap[0m[0m c2 =
[;1m[34m    |[0m[0m[;1m[35m           ^^^^^^^^^^^^[0m[0m
[0m[0m[0m
[;1mGeom2D/CubicBezier/Overlap.lhs:445:3: [;1m[35mwarning:[0m[0m[;1m [[;1m[35m-Wunused-top-binds[0m[0m[;1m][0m[0m[;1m
    Defined but not used: ‘belowLine’[0m[0m
[;1m[34m    |[0m[0m
[;1m[34m445 |[0m[0m > [;1m[35mbelowLine[0m[0m (Point px py) (Point lx ly) (Point rx ry)
[;1m[34m    |[0m[0m[;1m[35m   ^^^^^^^^^[0m[0m
[0m[0m[0m
[;1mGeom2D/CubicBezier/Overlap.lhs:453:3: [;1m[35mwarning:[0m[0m[;1m [[;1m[35m-Wunused-top-binds[0m[0m[;1m][0m[0m[;1m
    Defined but not used: ‘aboveLine’[0m[0m
[;1m[34m    |[0m[0m
[;1m[34m453 |[0m[0m > [;1m[35maboveLine[0m[0m (Point px py) (Point lx ly) (Point rx ry)
[;1m[34m    |[0m[0m[;1m[35m   ^^^^^^^^^[0m[0m
[0m[0m[0m
[;1mGeom2D/CubicBezier/Overlap.lhs:603:22: [;1m[35mwarning:[0m[0m[;1m [[;1m[35m-Wname-shadowing[0m[0m[;1m][0m[0m[;1m
    This binding for ‘m’ shadows the existing binding
      bound at Geom2D/CubicBezier/Overlap.lhs:599:15[0m[0m
[;1m[34m    |[0m[0m
[;1m[34m603 |[0m[0m >     lookupDelete p [;1m[35mm[0m[0m =
[;1m[34m    |[0m[0m[;1m[35m                      ^[0m[0m
[0m[0m[0m
[;1mGeom2D/CubicBezier/Overlap.lhs:610:19: [;1m[35mwarning:[0m[0m[;1m [[;1m[35m-Wname-shadowing[0m[0m[;1m][0m[0m[;1m
    This binding for ‘m’ shadows the existing binding
      bound at Geom2D/CubicBezier/Overlap.lhs:599:15[0m[0m
[;1m[34m    |[0m[0m
[;1m[34m610 |[0m[0m >     outputNext ![;1m[35mm[0m[0m
[;1m[34m    |[0m[0m[;1m[35m                   ^[0m[0m
[0m[0m[0m
[;1mGeom2D/CubicBezier/Overlap.lhs:618:11: [;1m[35mwarning:[0m[0m[;1m [[;1m[35m-Wname-shadowing[0m[0m[;1m][0m[0m[;1m
    This binding for ‘m’ shadows the existing binding
      bound at Geom2D/CubicBezier/Overlap.lhs:599:15[0m[0m
[;1m[34m    |[0m[0m
[;1m[34m618 |[0m[0m >     go ![;1m[35mm[0m[0m !next !prev !start
[;1m[34m    |[0m[0m[;1m[35m           ^[0m[0m
[0m[0m[0m
[;1mGeom2D/CubicBezier/Overlap.lhs:675:3: [;1m[35mwarning:[0m[0m[;1m [[;1m[35m-Wmissing-signatures[0m[0m[;1m][0m[0m[;1m
    Top-level binding with no type signature:
      slope :: (Eq p, Fractional p) => Point p -> p[0m[0m
[;1m[34m    |[0m[0m
[;1m[34m675 |[0m[0m > [;1m[35mslope[0m[0m (Point 0 0) = 0
[;1m[34m    |[0m[0m[;1m[35m   ^^^^^[0m[0m
[0m[0m[0m
[;1mGeom2D/CubicBezier/Overlap.lhs:879:3: [;1m[35mwarning:[0m[0m[;1m [[;1m[35m-Wmissing-signatures[0m[0m[;1m][0m[0m[;1m
    Top-level binding with no type signature:
      checkOverlap :: CubicBezier Double -> CubicBezier Double -> Bool[0m[0m
[;1m[34m    |[0m[0m
[;1m[34m879 |[0m[0m > [;1m[35mcheckOverlap[0m[0m c1 c2 =
[;1m[34m    |[0m[0m[;1m[35m   ^^^^^^^^^^^^[0m[0m
[0m[0m[0m
[;1mGeom2D/CubicBezier/Overlap.lhs:948:36: [;1m[35mwarning:[0m[0m[;1m [[;1m[35m-Wunused-matches[0m[0m[;1m][0m[0m[;1m
    Defined but not used: ‘p0’[0m[0m
[;1m[34m    |[0m[0m
[;1m[34m948 |[0m[0m > nextIntersection b1@(CubicBezier [;1m[35mp0[0m[0m _ _ p3) b2@(CubicBezier q0 _ _ q3) tol ((t1, t2): ts)
[;1m[34m    |[0m[0m[;1m[35m                                    ^^[0m[0m
[0m[0m[0m
[;1mGeom2D/CubicBezier/Overlap.lhs:948:43: [;1m[35mwarning:[0m[0m[;1m [[;1m[35m-Wunused-matches[0m[0m[;1m][0m[0m[;1m
    Defined but not used: ‘p3’[0m[0m
[;1m[34m    |[0m[0m
[;1m[34m948 |[0m[0m > nextIntersection b1@(CubicBezier p0 _ _ [;1m[35mp3[0m[0m) b2@(CubicBezier q0 _ _ q3) tol ((t1, t2): ts)
[;1m[34m    |[0m[0m[;1m[35m                                           ^^[0m[0m
[0m[0m[0m
[;1mGeom2D/CubicBezier/Overlap.lhs:948:63: [;1m[35mwarning:[0m[0m[;1m [[;1m[35m-Wunused-matches[0m[0m[;1m][0m[0m[;1m
    Defined but not used: ‘q0’[0m[0m
[;1m[34m    |[0m[0m
[;1m[34m948 |[0m[0m > nextIntersection b1@(CubicBezier p0 _ _ p3) b2@(CubicBezier [;1m[35mq0[0m[0m _ _ q3) tol ((t1, t2): ts)
[;1m[34m    |[0m[0m[;1m[35m                                                               ^^[0m[0m
[0m[0m[0m
[;1mGeom2D/CubicBezier/Overlap.lhs:948:70: [;1m[35mwarning:[0m[0m[;1m [[;1m[35m-Wunused-matches[0m[0m[;1m][0m[0m[;1m
    Defined but not used: ‘q3’[0m[0m
[;1m[34m    |[0m[0m
[;1m[34m948 |[0m[0m > nextIntersection b1@(CubicBezier p0 _ _ p3) b2@(CubicBezier q0 _ _ [;1m[35mq3[0m[0m) tol ((t1, t2): ts)
[;1m[34m    |[0m[0m[;1m[35m                                                                      ^^[0m[0m
[0m[0m[0m
[;1mGeom2D/CubicBezier/Overlap.lhs:1149:3: [;1m[35mwarning:[0m[0m[;1m [[;1m[35m-Wunused-top-binds[0m[0m[;1m][0m[0m[;1m
    Defined but not used: ‘union'’[0m[0m
[;1m[34m     |[0m[0m
[;1m[34m1149 |[0m[0m > [;1m[35munion'[0m[0m p fill tol =
[;1m[34m     |[0m[0m[;1m[35m   ^^^^^^[0m[0m
[0m[0m[0m
[;1mGeom2D/CubicBezier/Overlap.lhs:1149:3: [;1m[35mwarning:[0m[0m[;1m [[;1m[35m-Wmissing-signatures[0m[0m[;1m][0m[0m[;1m
    Top-level binding with no type signature:
      union' :: [CubicBezier Double]
                -> FillRule -> Double -> [ClosedPath Double][0m[0m
[;1m[34m     |[0m[0m
[;1m[34m1149 |[0m[0m > [;1m[35munion'[0m[0m p fill tol =
[;1m[34m     |[0m[0m[;1m[35m   ^^^^^^[0m[0m
[0m[0m[0m[ 8 of 12] Compiling Geom2D.CubicBezier.Curvature ( Geom2D/CubicBezier/Curvature.hs, .stack-work/dist/x86_64-osx/Cabal-2.2.0.1/build/Geom2D/CubicBezier/Curvature.o )
[ 9 of 12] Compiling Geom2D.CubicBezier.Approximate ( Geom2D/CubicBezier/Approximate.hs, .stack-work/dist/x86_64-osx/Cabal-2.2.0.1/build/Geom2D/CubicBezier/Approximate.o )
[10 of 12] Compiling Geom2D.CubicBezier.Outline ( Geom2D/CubicBezier/Outline.hs, .stack-work/dist/x86_64-osx/Cabal-2.2.0.1/build/Geom2D/CubicBezier/Outline.o )
[11 of 12] Compiling Geom2D.CubicBezier ( Geom2D/CubicBezier.hs, .stack-work/dist/x86_64-osx/Cabal-2.2.0.1/build/Geom2D/CubicBezier.o )
[12 of 12] Compiling Geom2D.CubicBezier.Stroke ( Geom2D/CubicBezier/Stroke.hs, .stack-work/dist/x86_64-osx/Cabal-2.2.0.1/build/Geom2D/CubicBezier/Stroke.o )

[;1mGeom2D/CubicBezier/Stroke.hs:8:1: [;1m[35mwarning:[0m[0m[;1m [[;1m[35m-Wunused-imports[0m[0m[;1m][0m[0m[;1m
    The import of ‘Data.Monoid’ is redundant
      except perhaps to import instances from ‘Data.Monoid’
    To import instances alone, use: import Data.Monoid()[0m[0m
[;1m[34m  |[0m[0m
[;1m[34m8 |[0m[0m [;1m[35mimport Data.Monoid[0m[0m
[;1m[34m  |[0m[0m[;1m[35m ^^^^^^^^^^^^^^^^^^[0m[0m
[0m[0m[0mInstalling library in /Users/brett/.stack/snapshots/x86_64-osx/lts-12.19/8.4.4/lib/x86_64-osx-ghc-8.4.4/cubicbezier-0.6.0.5-9AJNiMyLKlj5l6Ta1RAvEo
Registering library for cubicbezier-0.6.0.5..
