Configuring operational-0.2.3.5...
clang: warning: argument unused during compilation: '-nopie' [-Wunused-command-line-argument]
Preprocessing library for operational-0.2.3.5..
Building library for operational-0.2.3.5..
[1 of 1] Compiling Control.Monad.Operational ( src/Control/Monad/Operational.hs, .stack-work/dist/x86_64-osx/Cabal-2.2.0.1/build/Control/Monad/Operational.o )

[;1msrc/Control/Monad/Operational.hs:26:1: [;1m[35mwarning:[0m[0m[;1m [[;1m[35m-Wunused-imports[0m[0m[;1m][0m[0m[;1m
    The import of ‘Control.Applicative’ is redundant
      except perhaps to import instances from ‘Control.Applicative’
    To import instances alone, use: import Control.Applicative()[0m[0m
[;1m[34m   |[0m[0m
[;1m[34m26 |[0m[0m [;1m[35mimport Control.Applicative[0m[0m
[;1m[34m   |[0m[0m[;1m[35m ^^^^^^^^^^^^^^^^^^^^^^^^^^[0m[0m
[0m[0m[0mPreprocessing executable 'operational-TicTacToe' for operational-0.2.3.5..
Building executable 'operational-TicTacToe' for operational-0.2.3.5..
[1 of 1] Compiling Main             ( doc/examples/TicTacToe.hs, .stack-work/dist/x86_64-osx/Cabal-2.2.0.1/build/operational-TicTacToe/operational-TicTacToe-tmp/Main.o )
Linking .stack-work/dist/x86_64-osx/Cabal-2.2.0.1/build/operational-TicTacToe/operational-TicTacToe ...
clang: warning: argument unused during compilation: '-nopie' [-Wunused-command-line-argument]
clang: warning: argument unused during compilation: '-nopie' [-Wunused-command-line-argument]
Installing library in /Users/brett/.stack/snapshots/x86_64-osx/lts-12.19/8.4.4/lib/x86_64-osx-ghc-8.4.4/operational-0.2.3.5-4jEcCWo4nKu1T4LZlKqe58
Installing executable operational-TicTacToe in /Users/brett/.stack/snapshots/x86_64-osx/lts-12.19/8.4.4/bin
Registering library for operational-0.2.3.5..
